<?xml version="1.0" encoding="UTF-8"?>
<coverage generated="1655171873585" clover="3.2.0">
  <project timestamp="1655171873585" name="All files">
    <metrics statements="15" coveredstatements="13" conditionals="1" coveredconditionals="1" methods="5" coveredmethods="5" elements="21" coveredelements="19" complexity="0" loc="15" ncloc="15" packages="1" files="2" classes="2"/>
    <file name="NDDSApiService.ts" path="E:\Repos\Sydney\fakeway\testing\jest-ts\src\NDDSApiService.ts">
      <metrics statements="14" coveredstatements="12" conditionals="1" coveredconditionals="1" methods="5" coveredmethods="5"/>
      <line num="1" count="1" type="stmt"/>
      <line num="3" count="1" type="stmt"/>
      <line num="7" count="1" type="stmt"/>
      <line num="8" count="1" type="stmt"/>
      <line num="9" count="1" type="stmt"/>
      <line num="12" count="1" type="stmt"/>
      <line num="14" count="1" type="stmt"/>
      <line num="15" count="1" type="stmt"/>
      <line num="18" count="1" type="stmt"/>
      <line num="20" count="0" type="stmt"/>
      <line num="24" count="1" type="stmt"/>
      <line num="25" count="1" type="cond" truecount="1" falsecount="0"/>
      <line num="29" count="0" type="stmt"/>
      <line num="33" count="1" type="stmt"/>
    </file>
    <file name="index.ts" path="E:\Repos\Sydney\fakeway\testing\jest-ts\src\index.ts">
      <metrics statements="1" coveredstatements="1" conditionals="0" coveredconditionals="0" methods="0" coveredmethods="0"/>
      <line num="1" count="1" type="stmt"/>
    </file>
  </project>
</coverage>
